  PrjClient.cpp
C:\Users\d\Desktop\c_git\SUNGIN99\NetworkTermProejct_Client\PrjClient.cpp(188,12): warning C4244: '인수': 'time_t'에서 'unsigned int'(으)로 변환하면서 데이터가 손실될 수 있습니다.
C:\Users\d\Desktop\c_git\SUNGIN99\NetworkTermProejct_Client\PrjClient.cpp(190,2): warning C4996: 'itoa': The POSIX name for this item is deprecated. Instead, use the ISO C and C++ conformant name: _itoa. See online help for details.
C:\Users\d\Desktop\c_git\SUNGIN99\NetworkTermProejct_Client\PrjClient.cpp(209,2): warning C4996: 'strncpy': This function or variable may be unsafe. Consider using strncpy_s instead. To disable deprecation, use _CRT_SECURE_NO_WARNINGS. See online help for details.
C:\Users\d\Desktop\c_git\SUNGIN99\NetworkTermProejct_Client\PrjClient.cpp(211,2): warning C4996: 'strncpy': This function or variable may be unsafe. Consider using strncpy_s instead. To disable deprecation, use _CRT_SECURE_NO_WARNINGS. See online help for details.
C:\Users\d\Desktop\c_git\SUNGIN99\NetworkTermProejct_Client\PrjClient.cpp(433,19): warning C4805: '==': 연산에 'BOOL' 형식과 'bool' 형식을 함께 사용하는 것은 안전하지 않습니다.
C:\Users\d\Desktop\c_git\SUNGIN99\NetworkTermProejct_Client\PrjClient.cpp(369,5): warning C4996: 'strncpy': This function or variable may be unsafe. Consider using strncpy_s instead. To disable deprecation, use _CRT_SECURE_NO_WARNINGS. See online help for details.
C:\Users\d\Desktop\c_git\SUNGIN99\NetworkTermProejct_Client\PrjClient.cpp(496,4): warning C4996: 'strncpy': This function or variable may be unsafe. Consider using strncpy_s instead. To disable deprecation, use _CRT_SECURE_NO_WARNINGS. See online help for details.
C:\Users\d\Desktop\c_git\SUNGIN99\NetworkTermProejct_Client\PrjClient.cpp(578,32): warning C4996: 'inet_addr': Use inet_pton() or InetPton() instead or define _WINSOCK_DEPRECATED_NO_WARNINGS to disable deprecated API warnings
C:\Users\d\Desktop\c_git\SUNGIN99\NetworkTermProejct_Client\PrjClient.cpp(593,3): warning C4996: 'WSAStringToAddressA': Use WSAStringToAddressW() instead or define _WINSOCK_DEPRECATED_NO_WARNINGS to disable deprecated API warnings
C:\Users\d\Desktop\c_git\SUNGIN99\NetworkTermProejct_Client\PrjClient.cpp(648,13): warning C4553: '==': 식의 결과가 사용되지 않습니다. '='을(를) 의도했습니까?
C:\Users\d\Desktop\c_git\SUNGIN99\NetworkTermProejct_Client\PrjClient.cpp(691,4): warning C4996: 'strncpy': This function or variable may be unsafe. Consider using strncpy_s instead. To disable deprecation, use _CRT_SECURE_NO_WARNINGS. See online help for details.
C:\Users\d\Desktop\c_git\SUNGIN99\NetworkTermProejct_Client\PrjClient.cpp(692,4): warning C4996: 'strncat': This function or variable may be unsafe. Consider using strncat_s instead. To disable deprecation, use _CRT_SECURE_NO_WARNINGS. See online help for details.
C:\Users\d\Desktop\c_git\SUNGIN99\NetworkTermProejct_Client\PrjClient.cpp(693,15): warning C4996: 'fopen': This function or variable may be unsafe. Consider using fopen_s instead. To disable deprecation, use _CRT_SECURE_NO_WARNINGS. See online help for details.
C:\Users\d\Desktop\c_git\SUNGIN99\NetworkTermProejct_Client\PrjClient.cpp(857,13): warning C4553: '==': 식의 결과가 사용되지 않습니다. '='을(를) 의도했습니까?
C:\Users\d\Desktop\c_git\SUNGIN99\NetworkTermProejct_Client\PrjClient.cpp(836,33): warning C4996: 'inet_addr': Use inet_pton() or InetPton() instead or define _WINSOCK_DEPRECATED_NO_WARNINGS to disable deprecated API warnings
C:\Users\d\Desktop\c_git\SUNGIN99\NetworkTermProejct_Client\PrjClient.cpp(901,4): warning C4996: 'strncpy': This function or variable may be unsafe. Consider using strncpy_s instead. To disable deprecation, use _CRT_SECURE_NO_WARNINGS. See online help for details.
C:\Users\d\Desktop\c_git\SUNGIN99\NetworkTermProejct_Client\PrjClient.cpp(902,4): warning C4996: 'strncat': This function or variable may be unsafe. Consider using strncat_s instead. To disable deprecation, use _CRT_SECURE_NO_WARNINGS. See online help for details.
C:\Users\d\Desktop\c_git\SUNGIN99\NetworkTermProejct_Client\PrjClient.cpp(903,15): warning C4996: 'fopen': This function or variable may be unsafe. Consider using fopen_s instead. To disable deprecation, use _CRT_SECURE_NO_WARNINGS. See online help for details.
C:\Users\d\Desktop\c_git\SUNGIN99\NetworkTermProejct_Client\PrjClient.cpp(954,34): warning C4996: 'inet_addr': Use inet_pton() or InetPton() instead or define _WINSOCK_DEPRECATED_NO_WARNINGS to disable deprecated API warnings
C:\Users\d\Desktop\c_git\SUNGIN99\NetworkTermProejct_Client\PrjClient.cpp(1032,13): warning C4553: '==': 식의 결과가 사용되지 않습니다. '='을(를) 의도했습니까?
C:\Users\d\Desktop\c_git\SUNGIN99\NetworkTermProejct_Client\PrjClient.cpp(1006,2): warning C4996: 'WSAStringToAddressA': Use WSAStringToAddressW() instead or define _WINSOCK_DEPRECATED_NO_WARNINGS to disable deprecated API warnings
C:\Users\d\Desktop\c_git\SUNGIN99\NetworkTermProejct_Client\PrjClient.cpp(1076,4): warning C4996: 'strncpy': This function or variable may be unsafe. Consider using strncpy_s instead. To disable deprecation, use _CRT_SECURE_NO_WARNINGS. See online help for details.
C:\Users\d\Desktop\c_git\SUNGIN99\NetworkTermProejct_Client\PrjClient.cpp(1077,4): warning C4996: 'strncat': This function or variable may be unsafe. Consider using strncat_s instead. To disable deprecation, use _CRT_SECURE_NO_WARNINGS. See online help for details.
C:\Users\d\Desktop\c_git\SUNGIN99\NetworkTermProejct_Client\PrjClient.cpp(1078,15): warning C4996: 'fopen': This function or variable may be unsafe. Consider using fopen_s instead. To disable deprecation, use _CRT_SECURE_NO_WARNINGS. See online help for details.
C:\Users\d\Desktop\c_git\SUNGIN99\NetworkTermProejct_Client\PrjClient.cpp(1131,2): warning C4996: 'WSAStringToAddressA': Use WSAStringToAddressW() instead or define _WINSOCK_DEPRECATED_NO_WARNINGS to disable deprecated API warnings
C:\Users\d\Desktop\c_git\SUNGIN99\NetworkTermProejct_Client\PrjClient.cpp(1345,11): warning C4996: 'localtime': This function or variable may be unsafe. Consider using localtime_s instead. To disable deprecation, use _CRT_SECURE_NO_WARNINGS. See online help for details.
C:\Users\d\Desktop\c_git\SUNGIN99\NetworkTermProejct_Client\PrjClient.cpp(1361,2): warning C4996: 'vsprintf': This function or variable may be unsafe. Consider using vsprintf_s instead. To disable deprecation, use _CRT_SECURE_NO_WARNINGS. See online help for details.
C:\Users\d\Desktop\c_git\SUNGIN99\NetworkTermProejct_Client\PrjClient.cpp(1374,2): warning C4996: 'vsprintf': This function or variable may be unsafe. Consider using vsprintf_s instead. To disable deprecation, use _CRT_SECURE_NO_WARNINGS. See online help for details.
C:\Users\d\Desktop\c_git\SUNGIN99\NetworkTermProejct_Client\PrjClient.cpp(1390,2): warning C4996: 'vsprintf': This function or variable may be unsafe. Consider using vsprintf_s instead. To disable deprecation, use _CRT_SECURE_NO_WARNINGS. See online help for details.
C:\Users\d\Desktop\c_git\SUNGIN99\NetworkTermProejct_Client\PrjClient.cpp(1405,2): warning C4996: 'vsprintf': This function or variable may be unsafe. Consider using vsprintf_s instead. To disable deprecation, use _CRT_SECURE_NO_WARNINGS. See online help for details.
C:\Users\d\Desktop\c_git\SUNGIN99\NetworkTermProejct_Client\PrjClient.cpp(1420,2): warning C4996: 'vsprintf': This function or variable may be unsafe. Consider using vsprintf_s instead. To disable deprecation, use _CRT_SECURE_NO_WARNINGS. See online help for details.
C:\Users\d\Desktop\c_git\SUNGIN99\NetworkTermProejct_Client\PrjClient.cpp(1451,14): warning C4996: 'strtok': This function or variable may be unsafe. Consider using strtok_s instead. To disable deprecation, use _CRT_SECURE_NO_WARNINGS. See online help for details.
C:\Users\d\Desktop\c_git\SUNGIN99\NetworkTermProejct_Client\PrjClient.cpp(1455,9): warning C4996: 'strtok': This function or variable may be unsafe. Consider using strtok_s instead. To disable deprecation, use _CRT_SECURE_NO_WARNINGS. See online help for details.
C:\Users\d\Desktop\c_git\SUNGIN99\NetworkTermProejct_Client\PrjClient.cpp(1464,2): warning C4996: 'strncpy': This function or variable may be unsafe. Consider using strncpy_s instead. To disable deprecation, use _CRT_SECURE_NO_WARNINGS. See online help for details.
C:\Users\d\Desktop\c_git\SUNGIN99\NetworkTermProejct_Client\PrjClient.cpp(1465,2): warning C4996: 'strncpy': This function or variable may be unsafe. Consider using strncpy_s instead. To disable deprecation, use _CRT_SECURE_NO_WARNINGS. See online help for details.
C:\Users\d\Desktop\c_git\SUNGIN99\NetworkTermProejct_Client\PrjClient.cpp(1471,2): warning C4996: 'strncpy': This function or variable may be unsafe. Consider using strncpy_s instead. To disable deprecation, use _CRT_SECURE_NO_WARNINGS. See online help for details.
C:\Users\d\Desktop\c_git\SUNGIN99\NetworkTermProejct_Client\PrjClient.cpp(1475,18): warning C4996: 'fopen': This function or variable may be unsafe. Consider using fopen_s instead. To disable deprecation, use _CRT_SECURE_NO_WARNINGS. See online help for details.
C:\Users\d\Desktop\c_git\SUNGIN99\NetworkTermProejct_Client\PrjClient.cpp(649): warning C4700: 초기화되지 않은 'chat_msg' 지역 변수를 사용했습니다.
C:\Users\d\Desktop\c_git\SUNGIN99\NetworkTermProejct_Client\PrjClient.cpp(858): warning C4700: 초기화되지 않은 'chat_msg' 지역 변수를 사용했습니다.
C:\Users\d\Desktop\c_git\SUNGIN99\NetworkTermProejct_Client\PrjClient.cpp(1033): warning C4700: 초기화되지 않은 'chat_msg' 지역 변수를 사용했습니다.
C:\Users\d\Desktop\c_git\SUNGIN99\NetworkTermProejct_Client\PrjClient.cpp(1363): warning C4172: 지역 변수 또는 임시: cbuf의 주소를 반환하고 있습니다.
  PrjClient.vcxproj -> C:\Users\d\Desktop\c_git\SUNGIN99\NetworkTermProejct_Client\Debug\PrjClient.exe
